import random

class VRExperience:
    def __init__(self, name, environment, characters, storylines):
        self.name = name
        self.environment = environment
        self.characters = characters
        self.storylines = storylines

    def generate_experience(self):
        user_input = self.get_user_input()
        self.generate_environment(user_input)
        self.generate_characters(user_input)
        self.generate_storyline(user_input)

    def get_user_input(self):
        movement = self.get_movement_input()
        voice_commands = self.get_voice_commands_input()
        biometric_data = self.get_biometric_data_input()
        return {
            'movement': movement,
            'voice_commands': voice_commands,
            'biometric_data': biometric_data
        }

    def get_movement_input(self):
        # Code to get movement input from user
        return random.choice(['walk', 'run', 'jump'])

    def get_voice_commands_input(self):
        # Code to get voice commands input from user
        return random.choice(['attack', 'defend', 'heal'])

    def get_biometric_data_input(self):
        # Code to get biometric data input from user
        return random.choice(['calm', 'excited', 'scared'])

    def generate_environment(self, user_input):
        # Code to generate virtual environment based on user input
        print(f"Generating environment based on user input: {user_input}")

    def generate_characters(self, user_input):
        # Code to generate virtual characters based on user input
        print(f"Generating characters based on user input: {user_input}")

    def generate_storyline(self, user_input):
        # Code to generate interactive storyline based on user input
        print(f"Generating storyline based on user input: {user_input}")


if __name__ == "__main__":
    vr_experience = VRExperience(
        name="AI-Generated VR Experience",
        environment="Virtual World",
        characters=["Character 1", "Character 2"],
        storylines=["Storyline 1", "Storyline 2"]
    )
    vr_experience.generate_experience()